1721832541.848298 client started (1110873): version 3.4, socket /tmp/tmux-1000/default, protocol 8
1721832541.848350 on Linux 6.8.0-38-generic #38-Ubuntu SMP PREEMPT_DYNAMIC Fri Jun  7 15:25:01 UTC 2024
1721832541.848358 using libevent 2.1.12-stable poll
1721832541.848363 using ncurses 6.4 20240113
1721832541.848398 flags are 0x18010000
1721832541.848418 socket is /tmp/tmux-1000/default
1721832541.848435 trying connect
1721832541.848455 connect failed: Connection refused
1721832541.848468 lock file is /tmp/tmux-1000/default.lock
1721832541.849141 flock succeeded
1721832541.849147 got lock (6)
1721832541.849157 trying connect
1721832541.849170 connect failed: Connection refused
1721832541.849583 add peer 0x62403b2a1500: 7 ((nil))
1721832541.850453 sending message 100 to peer 0x62403b2a1500 (4 bytes)
1721832541.850474 sending message 111 to peer 0x62403b2a1500 (8 bytes)
1721832541.850481 sending message 101 to peer 0x62403b2a1500 (12 bytes)
1721832541.850488 sending message 109 to peer 0x62403b2a1500 (4 bytes)
1721832541.850495 sending message 102 to peer 0x62403b2a1500 (11 bytes)
1721832541.850501 sending message 108 to peer 0x62403b2a1500 (32 bytes)
1721832541.850507 sending message 112 to peer 0x62403b2a1500 (70 bytes)
1721832541.850514 sending message 112 to peer 0x62403b2a1500 (5 bytes)
1721832541.850521 sending message 112 to peer 0x62403b2a1500 (6 bytes)
1721832541.850528 sending message 112 to peer 0x62403b2a1500 (6 bytes)
1721832541.850534 sending message 112 to peer 0x62403b2a1500 (10 bytes)
1721832541.850541 sending message 112 to peer 0x62403b2a1500 (13 bytes)
1721832541.850547 sending message 112 to peer 0x62403b2a1500 (14 bytes)
1721832541.850554 sending message 112 to peer 0x62403b2a1500 (19 bytes)
1721832541.850558 sending message 112 to peer 0x62403b2a1500 (11 bytes)
1721832541.850565 sending message 112 to peer 0x62403b2a1500 (10 bytes)
1721832541.850570 sending message 112 to peer 0x62403b2a1500 (15 bytes)
1721832541.850575 sending message 112 to peer 0x62403b2a1500 (21 bytes)
1721832541.850580 sending message 112 to peer 0x62403b2a1500 (13 bytes)
1721832541.850585 sending message 112 to peer 0x62403b2a1500 (7 bytes)
1721832541.850590 sending message 112 to peer 0x62403b2a1500 (13 bytes)
1721832541.850595 sending message 112 to peer 0x62403b2a1500 (7 bytes)
1721832541.850600 sending message 112 to peer 0x62403b2a1500 (13 bytes)
1721832541.850606 sending message 112 to peer 0x62403b2a1500 (9 bytes)
1721832541.850611 sending message 112 to peer 0x62403b2a1500 (21 bytes)
1721832541.850616 sending message 112 to peer 0x62403b2a1500 (13 bytes)
1721832541.850621 sending message 112 to peer 0x62403b2a1500 (9 bytes)
1721832541.850627 sending message 112 to peer 0x62403b2a1500 (16 bytes)
1721832541.850631 sending message 112 to peer 0x62403b2a1500 (13 bytes)
1721832541.850636 sending message 112 to peer 0x62403b2a1500 (9 bytes)
1721832541.850642 sending message 112 to peer 0x62403b2a1500 (9 bytes)
1721832541.850649 sending message 112 to peer 0x62403b2a1500 (12 bytes)
1721832541.850655 sending message 112 to peer 0x62403b2a1500 (8 bytes)
1721832541.850663 sending message 112 to peer 0x62403b2a1500 (13 bytes)
1721832541.850669 sending message 112 to peer 0x62403b2a1500 (7 bytes)
1721832541.850674 sending message 112 to peer 0x62403b2a1500 (7 bytes)
1721832541.850680 sending message 112 to peer 0x62403b2a1500 (9 bytes)
1721832541.850686 sending message 112 to peer 0x62403b2a1500 (6 bytes)
1721832541.850693 sending message 112 to peer 0x62403b2a1500 (9 bytes)
1721832541.850699 sending message 112 to peer 0x62403b2a1500 (15 bytes)
1721832541.850705 sending message 112 to peer 0x62403b2a1500 (13 bytes)
1721832541.850710 sending message 112 to peer 0x62403b2a1500 (12 bytes)
1721832541.850717 sending message 112 to peer 0x62403b2a1500 (8 bytes)
1721832541.850723 sending message 112 to peer 0x62403b2a1500 (14 bytes)
1721832541.850729 sending message 112 to peer 0x62403b2a1500 (9 bytes)
1721832541.850735 sending message 112 to peer 0x62403b2a1500 (10 bytes)
1721832541.850741 sending message 112 to peer 0x62403b2a1500 (10 bytes)
1721832541.850761 sending message 112 to peer 0x62403b2a1500 (10 bytes)
1721832541.850767 sending message 112 to peer 0x62403b2a1500 (10 bytes)
1721832541.850773 sending message 112 to peer 0x62403b2a1500 (11 bytes)
1721832541.850779 sending message 112 to peer 0x62403b2a1500 (12 bytes)
1721832541.850786 sending message 112 to peer 0x62403b2a1500 (12 bytes)
1721832541.850792 sending message 112 to peer 0x62403b2a1500 (12 bytes)
1721832541.850798 sending message 112 to peer 0x62403b2a1500 (12 bytes)
1721832541.850804 sending message 112 to peer 0x62403b2a1500 (12 bytes)
1721832541.850811 sending message 112 to peer 0x62403b2a1500 (11 bytes)
1721832541.850817 sending message 112 to peer 0x62403b2a1500 (11 bytes)
1721832541.850823 sending message 112 to peer 0x62403b2a1500 (12 bytes)
1721832541.850829 sending message 112 to peer 0x62403b2a1500 (12 bytes)
1721832541.850835 sending message 112 to peer 0x62403b2a1500 (12 bytes)
1721832541.850841 sending message 112 to peer 0x62403b2a1500 (12 bytes)
1721832541.850848 sending message 112 to peer 0x62403b2a1500 (12 bytes)
1721832541.850853 sending message 112 to peer 0x62403b2a1500 (9 bytes)
1721832541.850859 sending message 112 to peer 0x62403b2a1500 (12 bytes)
1721832541.850865 sending message 112 to peer 0x62403b2a1500 (13 bytes)
1721832541.850871 sending message 112 to peer 0x62403b2a1500 (13 bytes)
1721832541.850878 sending message 112 to peer 0x62403b2a1500 (13 bytes)
1721832541.850884 sending message 112 to peer 0x62403b2a1500 (13 bytes)
1721832541.850890 sending message 112 to peer 0x62403b2a1500 (13 bytes)
1721832541.850895 sending message 112 to peer 0x62403b2a1500 (8 bytes)
1721832541.850901 sending message 112 to peer 0x62403b2a1500 (11 bytes)
1721832541.850907 sending message 112 to peer 0x62403b2a1500 (11 bytes)
1721832541.850914 sending message 112 to peer 0x62403b2a1500 (11 bytes)
1721832541.850920 sending message 112 to peer 0x62403b2a1500 (12 bytes)
1721832541.850926 sending message 112 to peer 0x62403b2a1500 (12 bytes)
1721832541.850932 sending message 112 to peer 0x62403b2a1500 (13 bytes)
1721832541.850937 sending message 112 to peer 0x62403b2a1500 (12 bytes)
1721832541.850943 sending message 112 to peer 0x62403b2a1500 (13 bytes)
1721832541.850949 sending message 112 to peer 0x62403b2a1500 (13 bytes)
1721832541.850955 sending message 112 to peer 0x62403b2a1500 (13 bytes)
1721832541.850962 sending message 112 to peer 0x62403b2a1500 (8 bytes)
1721832541.850968 sending message 112 to peer 0x62403b2a1500 (13 bytes)
1721832541.850975 sending message 112 to peer 0x62403b2a1500 (13 bytes)
1721832541.850981 sending message 112 to peer 0x62403b2a1500 (13 bytes)
1721832541.850987 sending message 112 to peer 0x62403b2a1500 (13 bytes)
1721832541.850993 sending message 112 to peer 0x62403b2a1500 (13 bytes)
1721832541.850999 sending message 112 to peer 0x62403b2a1500 (12 bytes)
1721832541.851005 sending message 112 to peer 0x62403b2a1500 (12 bytes)
1721832541.851012 sending message 112 to peer 0x62403b2a1500 (13 bytes)
1721832541.851018 sending message 112 to peer 0x62403b2a1500 (12 bytes)
1721832541.851024 sending message 112 to peer 0x62403b2a1500 (13 bytes)
1721832541.851030 sending message 112 to peer 0x62403b2a1500 (8 bytes)
1721832541.851036 sending message 112 to peer 0x62403b2a1500 (13 bytes)
1721832541.851043 sending message 112 to peer 0x62403b2a1500 (13 bytes)
1721832541.851049 sending message 112 to peer 0x62403b2a1500 (13 bytes)
1721832541.851055 sending message 112 to peer 0x62403b2a1500 (13 bytes)
1721832541.851061 sending message 112 to peer 0x62403b2a1500 (13 bytes)
1721832541.851067 sending message 112 to peer 0x62403b2a1500 (13 bytes)
1721832541.851073 sending message 112 to peer 0x62403b2a1500 (13 bytes)
1721832541.851078 sending message 112 to peer 0x62403b2a1500 (12 bytes)
1721832541.851084 sending message 112 to peer 0x62403b2a1500 (12 bytes)
1721832541.851091 sending message 112 to peer 0x62403b2a1500 (13 bytes)
1721832541.851097 sending message 112 to peer 0x62403b2a1500 (8 bytes)
1721832541.851103 sending message 112 to peer 0x62403b2a1500 (12 bytes)
1721832541.851115 sending message 112 to peer 0x62403b2a1500 (13 bytes)
1721832541.851121 sending message 112 to peer 0x62403b2a1500 (13 bytes)
1721832541.851127 sending message 112 to peer 0x62403b2a1500 (13 bytes)
1721832541.851133 sending message 112 to peer 0x62403b2a1500 (13 bytes)
1721832541.851139 sending message 112 to peer 0x62403b2a1500 (13 bytes)
1721832541.851145 sending message 112 to peer 0x62403b2a1500 (13 bytes)
1721832541.851150 sending message 112 to peer 0x62403b2a1500 (13 bytes)
1721832541.851157 sending message 112 to peer 0x62403b2a1500 (13 bytes)
1721832541.851163 sending message 112 to peer 0x62403b2a1500 (12 bytes)
1721832541.851169 sending message 112 to peer 0x62403b2a1500 (10 bytes)
1721832541.851175 sending message 112 to peer 0x62403b2a1500 (12 bytes)
1721832541.851181 sending message 112 to peer 0x62403b2a1500 (13 bytes)
1721832541.851187 sending message 112 to peer 0x62403b2a1500 (12 bytes)
1721832541.851193 sending message 112 to peer 0x62403b2a1500 (13 bytes)
1721832541.851198 sending message 112 to peer 0x62403b2a1500 (13 bytes)
1721832541.851204 sending message 112 to peer 0x62403b2a1500 (13 bytes)
1721832541.851209 sending message 112 to peer 0x62403b2a1500 (13 bytes)
1721832541.851215 sending message 112 to peer 0x62403b2a1500 (13 bytes)
1721832541.851222 sending message 112 to peer 0x62403b2a1500 (13 bytes)
1721832541.851228 sending message 112 to peer 0x62403b2a1500 (13 bytes)
1721832541.851234 sending message 112 to peer 0x62403b2a1500 (10 bytes)
1721832541.851240 sending message 112 to peer 0x62403b2a1500 (13 bytes)
1721832541.851246 sending message 112 to peer 0x62403b2a1500 (12 bytes)
1721832541.851252 sending message 112 to peer 0x62403b2a1500 (12 bytes)
1721832541.851258 sending message 112 to peer 0x62403b2a1500 (13 bytes)
1721832541.851264 sending message 112 to peer 0x62403b2a1500 (10 bytes)
1721832541.851270 sending message 112 to peer 0x62403b2a1500 (10 bytes)
1721832541.851276 sending message 112 to peer 0x62403b2a1500 (10 bytes)
1721832541.851282 sending message 112 to peer 0x62403b2a1500 (12 bytes)
1721832541.851288 sending message 112 to peer 0x62403b2a1500 (13 bytes)
1721832541.851295 sending message 112 to peer 0x62403b2a1500 (13 bytes)
1721832541.851301 sending message 112 to peer 0x62403b2a1500 (13 bytes)
1721832541.851405 sending message 112 to peer 0x62403b2a1500 (13 bytes)
1721832541.851417 sending message 112 to peer 0x62403b2a1500 (13 bytes)
1721832541.851423 sending message 112 to peer 0x62403b2a1500 (10 bytes)
1721832541.851429 sending message 112 to peer 0x62403b2a1500 (11 bytes)
1721832541.851435 sending message 112 to peer 0x62403b2a1500 (12 bytes)
1721832541.851441 sending message 112 to peer 0x62403b2a1500 (12 bytes)
1721832541.851446 sending message 112 to peer 0x62403b2a1500 (12 bytes)
1721832541.851452 sending message 112 to peer 0x62403b2a1500 (12 bytes)
1721832541.851458 sending message 112 to peer 0x62403b2a1500 (12 bytes)
1721832541.851463 sending message 112 to peer 0x62403b2a1500 (11 bytes)
1721832541.851469 sending message 112 to peer 0x62403b2a1500 (12 bytes)
1721832541.851475 sending message 112 to peer 0x62403b2a1500 (12 bytes)
1721832541.851480 sending message 112 to peer 0x62403b2a1500 (13 bytes)
1721832541.851486 sending message 112 to peer 0x62403b2a1500 (13 bytes)
1721832541.851492 sending message 112 to peer 0x62403b2a1500 (13 bytes)
1721832541.851497 sending message 112 to peer 0x62403b2a1500 (13 bytes)
1721832541.851503 sending message 112 to peer 0x62403b2a1500 (13 bytes)
1721832541.851509 sending message 112 to peer 0x62403b2a1500 (10 bytes)
1721832541.851515 sending message 112 to peer 0x62403b2a1500 (9 bytes)
1721832541.851521 sending message 112 to peer 0x62403b2a1500 (12 bytes)
1721832541.851527 sending message 112 to peer 0x62403b2a1500 (13 bytes)
1721832541.851533 sending message 112 to peer 0x62403b2a1500 (13 bytes)
1721832541.851539 sending message 112 to peer 0x62403b2a1500 (13 bytes)
1721832541.851545 sending message 112 to peer 0x62403b2a1500 (13 bytes)
1721832541.851551 sending message 112 to peer 0x62403b2a1500 (13 bytes)
1721832541.851564 sending message 112 to peer 0x62403b2a1500 (9 bytes)
1721832541.851571 sending message 112 to peer 0x62403b2a1500 (12 bytes)
1721832541.851576 sending message 112 to peer 0x62403b2a1500 (13 bytes)
1721832541.851582 sending message 112 to peer 0x62403b2a1500 (13 bytes)
1721832541.851589 sending message 112 to peer 0x62403b2a1500 (13 bytes)
1721832541.851595 sending message 112 to peer 0x62403b2a1500 (13 bytes)
1721832541.851601 sending message 112 to peer 0x62403b2a1500 (13 bytes)
1721832541.851607 sending message 112 to peer 0x62403b2a1500 (11 bytes)
1721832541.851613 sending message 112 to peer 0x62403b2a1500 (12 bytes)
1721832541.851619 sending message 112 to peer 0x62403b2a1500 (13 bytes)
1721832541.851625 sending message 112 to peer 0x62403b2a1500 (13 bytes)
1721832541.851631 sending message 112 to peer 0x62403b2a1500 (13 bytes)
1721832541.851637 sending message 112 to peer 0x62403b2a1500 (13 bytes)
1721832541.851643 sending message 112 to peer 0x62403b2a1500 (13 bytes)
1721832541.851650 sending message 112 to peer 0x62403b2a1500 (11 bytes)
1721832541.851657 sending message 112 to peer 0x62403b2a1500 (12 bytes)
1721832541.851663 sending message 112 to peer 0x62403b2a1500 (12 bytes)
1721832541.851669 sending message 112 to peer 0x62403b2a1500 (12 bytes)
1721832541.851675 sending message 112 to peer 0x62403b2a1500 (12 bytes)
1721832541.851681 sending message 112 to peer 0x62403b2a1500 (12 bytes)
1721832541.851687 sending message 112 to peer 0x62403b2a1500 (22 bytes)
1721832541.851694 sending message 112 to peer 0x62403b2a1500 (12 bytes)
1721832541.851700 sending message 112 to peer 0x62403b2a1500 (9 bytes)
1721832541.851706 sending message 112 to peer 0x62403b2a1500 (6 bytes)
1721832541.851712 sending message 112 to peer 0x62403b2a1500 (13 bytes)
1721832541.851719 sending message 112 to peer 0x62403b2a1500 (10 bytes)
1721832541.851725 sending message 112 to peer 0x62403b2a1500 (15 bytes)
1721832541.851731 sending message 112 to peer 0x62403b2a1500 (11 bytes)
1721832541.851737 sending message 112 to peer 0x62403b2a1500 (9 bytes)
1721832541.851743 sending message 112 to peer 0x62403b2a1500 (70 bytes)
1721832541.851750 sending message 112 to peer 0x62403b2a1500 (69 bytes)
1721832541.851756 sending message 112 to peer 0x62403b2a1500 (34 bytes)
1721832541.851762 sending message 112 to peer 0x62403b2a1500 (34 bytes)
1721832541.851768 sending message 112 to peer 0x62403b2a1500 (69 bytes)
1721832541.851774 sending message 112 to peer 0x62403b2a1500 (12 bytes)
1721832541.851780 sending message 112 to peer 0x62403b2a1500 (10 bytes)
1721832541.851786 sending message 112 to peer 0x62403b2a1500 (10 bytes)
1721832541.851792 sending message 112 to peer 0x62403b2a1500 (15 bytes)
1721832541.851798 sending message 112 to peer 0x62403b2a1500 (11 bytes)
1721832541.851804 sending message 112 to peer 0x62403b2a1500 (10 bytes)
1721832541.851810 sending message 112 to peer 0x62403b2a1500 (10 bytes)
1721832541.851817 sending message 112 to peer 0x62403b2a1500 (17 bytes)
1721832541.851823 sending message 112 to peer 0x62403b2a1500 (10 bytes)
1721832541.851828 sending message 112 to peer 0x62403b2a1500 (13 bytes)
1721832541.851834 sending message 112 to peer 0x62403b2a1500 (17 bytes)
1721832541.851840 sending message 112 to peer 0x62403b2a1500 (5 bytes)
1721832541.851846 sending message 112 to peer 0x62403b2a1500 (9 bytes)
1721832541.851853 sending message 112 to peer 0x62403b2a1500 (15 bytes)
1721832541.851861 sending message 104 to peer 0x62403b2a1500 (0 bytes)
1721832541.851868 sending message 110 to peer 0x62403b2a1500 (0 bytes)
1721832541.851875 sending message 107 to peer 0x62403b2a1500 (4 bytes)
1721832541.851882 sending message 105 to peer 0x62403b2a1500 (16 bytes)
1721832541.851888 sending message 105 to peer 0x62403b2a1500 (86 bytes)
1721832541.851894 sending message 105 to peer 0x62403b2a1500 (19 bytes)
1721832541.851901 sending message 105 to peer 0x62403b2a1500 (20 bytes)
1721832541.851907 sending message 105 to peer 0x62403b2a1500 (45 bytes)
1721832541.851913 sending message 105 to peer 0x62403b2a1500 (63 bytes)
1721832541.851925 sending message 105 to peer 0x62403b2a1500 (23 bytes)
1721832541.851931 sending message 105 to peer 0x62403b2a1500 (44 bytes)
1721832541.851937 sending message 105 to peer 0x62403b2a1500 (32 bytes)
1721832541.851944 sending message 105 to peer 0x62403b2a1500 (41 bytes)
1721832541.851950 sending message 105 to peer 0x62403b2a1500 (51 bytes)
1721832541.851955 sending message 105 to peer 0x62403b2a1500 (20 bytes)
1721832541.851961 sending message 105 to peer 0x62403b2a1500 (23 bytes)
1721832541.851967 sending message 105 to peer 0x62403b2a1500 (18 bytes)
1721832541.851973 sending message 105 to peer 0x62403b2a1500 (28 bytes)
1721832541.851979 sending message 105 to peer 0x62403b2a1500 (36 bytes)
1721832541.851985 sending message 105 to peer 0x62403b2a1500 (27 bytes)
1721832541.851990 sending message 105 to peer 0x62403b2a1500 (17 bytes)
1721832541.851997 sending message 105 to peer 0x62403b2a1500 (25 bytes)
1721832541.852003 sending message 105 to peer 0x62403b2a1500 (22 bytes)
1721832541.852009 sending message 105 to peer 0x62403b2a1500 (54 bytes)
1721832541.852014 sending message 105 to peer 0x62403b2a1500 (60 bytes)
1721832541.852021 sending message 105 to peer 0x62403b2a1500 (33 bytes)
1721832541.852027 sending message 105 to peer 0x62403b2a1500 (20 bytes)
1721832541.852033 sending message 105 to peer 0x62403b2a1500 (18 bytes)
1721832541.852039 sending message 105 to peer 0x62403b2a1500 (18 bytes)
1721832541.852046 sending message 105 to peer 0x62403b2a1500 (17 bytes)
1721832541.852052 sending message 105 to peer 0x62403b2a1500 (33 bytes)
1721832541.852057 sending message 105 to peer 0x62403b2a1500 (144 bytes)
1721832541.852062 sending message 105 to peer 0x62403b2a1500 (20 bytes)
1721832541.852068 sending message 105 to peer 0x62403b2a1500 (26 bytes)
1721832541.852074 sending message 105 to peer 0x62403b2a1500 (18 bytes)
1721832541.852079 sending message 105 to peer 0x62403b2a1500 (47 bytes)
1721832541.852086 sending message 105 to peer 0x62403b2a1500 (16 bytes)
1721832541.852092 sending message 105 to peer 0x62403b2a1500 (38 bytes)
1721832541.852098 sending message 105 to peer 0x62403b2a1500 (24 bytes)
1721832541.852104 sending message 105 to peer 0x62403b2a1500 (28 bytes)
1721832541.852109 sending message 105 to peer 0x62403b2a1500 (23 bytes)
1721832541.852115 sending message 105 to peer 0x62403b2a1500 (34 bytes)
1721832541.852122 sending message 105 to peer 0x62403b2a1500 (23 bytes)
1721832541.852128 sending message 105 to peer 0x62403b2a1500 (33 bytes)
1721832541.852133 sending message 105 to peer 0x62403b2a1500 (17 bytes)
1721832541.852138 sending message 105 to peer 0x62403b2a1500 (32 bytes)
1721832541.852144 sending message 105 to peer 0x62403b2a1500 (35 bytes)
1721832541.852149 sending message 105 to peer 0x62403b2a1500 (14 bytes)
1721832541.852155 sending message 105 to peer 0x62403b2a1500 (11 bytes)
1721832541.852161 sending message 105 to peer 0x62403b2a1500 (8 bytes)
1721832541.852169 sending message 105 to peer 0x62403b2a1500 (14 bytes)
1721832541.852175 sending message 105 to peer 0x62403b2a1500 (35 bytes)
1721832541.852181 sending message 105 to peer 0x62403b2a1500 (18 bytes)
1721832541.852187 sending message 105 to peer 0x62403b2a1500 (31 bytes)
1721832541.852194 sending message 105 to peer 0x62403b2a1500 (47 bytes)
1721832541.852199 sending message 105 to peer 0x62403b2a1500 (32 bytes)
1721832541.852205 sending message 105 to peer 0x62403b2a1500 (23 bytes)
1721832541.852211 sending message 105 to peer 0x62403b2a1500 (183 bytes)
1721832541.852217 sending message 105 to peer 0x62403b2a1500 (258 bytes)
1721832541.852222 sending message 105 to peer 0x62403b2a1500 (18 bytes)
1721832541.852229 sending message 105 to peer 0x62403b2a1500 (54 bytes)
1721832541.852236 sending message 105 to peer 0x62403b2a1500 (54 bytes)
1721832541.852241 sending message 105 to peer 0x62403b2a1500 (38 bytes)
1721832541.852247 sending message 105 to peer 0x62403b2a1500 (38 bytes)
1721832541.852252 sending message 105 to peer 0x62403b2a1500 (64 bytes)
1721832541.852259 sending message 105 to peer 0x62403b2a1500 (31 bytes)
1721832541.852271 sending message 105 to peer 0x62403b2a1500 (16 bytes)
1721832541.852278 sending message 106 to peer 0x62403b2a1500 (0 bytes)
1721832541.852398 sending message 200 to peer 0x62403b2a1500 (4 bytes)
1721832541.852408 client loop enter
1721832541.852435 client_signal: Child exited
1721832543.042953 peer 0x62403b2a1500 message 207
1721832543.042967 sending message 208 to peer 0x62403b2a1500 (0 bytes)
1721832567.152373 peer 0x62403b2a1500 message 203
1721832567.152393 sending message 205 to peer 0x62403b2a1500 (0 bytes)
1721832567.152851 peer 0x62403b2a1500 message 204
1721832567.152863 client loop exit
